2021-10-07 20:15:01 INFO  EmployeesRestAPI:21 - *********Started TC001_Get_All_Employees **********
2021-10-07 20:15:05 INFO  EmployeesRestAPI:117 - ***********  Checking Content Lenght**********
2021-10-07 20:15:05 INFO  EmployeesRestAPI:120 - Content Length is==>631
2021-10-07 20:15:05 INFO  EmployeesRestAPI:84 - ***********  Checking Content Type **********
2021-10-07 20:15:05 INFO  EmployeesRestAPI:87 - Content type is ==>application/json
2021-10-07 20:15:05 INFO  EmployeesRestAPI:132 - ***********  Checking Cookies **********
2021-10-07 20:15:05 INFO  EmployeesRestAPI:55 - ***********  Checking Response Time **********
2021-10-07 20:15:05 INFO  EmployeesRestAPI:58 - Response Time is ==>1813
2021-10-07 20:15:05 INFO  EmployeesRestAPI:33 - ***********  Checking Respose Body **********
2021-10-07 20:15:05 INFO  EmployeesRestAPI:36 - Response Body==>{"status":"success","data":[{"id":1,"employee_name":"Tiger Nixon","employee_salary":320800,"employee_age":61,"profile_image":""},{"id":2,"employee_name":"Garrett Winters","employee_salary":170750,"employee_age":63,"profile_image":""},{"id":3,"employee_name":"Ashton Cox","employee_salary":86000,"employee_age":66,"profile_image":""},{"id":4,"employee_name":"Cedric Kelly","employee_salary":433060,"employee_age":22,"profile_image":""},{"id":5,"employee_name":"Airi Satou","employee_salary":162700,"employee_age":33,"profile_image":""},{"id":6,"employee_name":"Brielle Williamson","employee_salary":372000,"employee_age":61,"profile_image":""},{"id":7,"employee_name":"Herrod Chandler","employee_salary":137500,"employee_age":59,"profile_image":""},{"id":8,"employee_name":"Rhona Davidson","employee_salary":327900,"employee_age":55,"profile_image":""},{"id":9,"employee_name":"Colleen Hurst","employee_salary":205500,"employee_age":39,"profile_image":""},{"id":10,"employee_name":"Sonya Frost","employee_salary":103600,"employee_age":23,"profile_image":""},{"id":11,"employee_name":"Jena Gaines","employee_salary":90560,"employee_age":30,"profile_image":""},{"id":12,"employee_name":"Quinn Flynn","employee_salary":342000,"employee_age":22,"profile_image":""},{"id":13,"employee_name":"Charde Marshall","employee_salary":470600,"employee_age":36,"profile_image":""},{"id":14,"employee_name":"Haley Kennedy","employee_salary":313500,"employee_age":43,"profile_image":""},{"id":15,"employee_name":"Tatyana Fitzpatrick","employee_salary":385750,"employee_age":19,"profile_image":""},{"id":16,"employee_name":"Michael Silva","employee_salary":198500,"employee_age":66,"profile_image":""},{"id":17,"employee_name":"Paul Byrd","employee_salary":725000,"employee_age":64,"profile_image":""},{"id":18,"employee_name":"Gloria Little","employee_salary":237500,"employee_age":59,"profile_image":""},{"id":19,"employee_name":"Bradley Greer","employee_salary":132000,"employee_age":41,"profile_image":""},{"id":20,"employee_name":"Dai Rios","employee_salary":217500,"employee_age":35,"profile_image":""},{"id":21,"employee_name":"Jenette Caldwell","employee_salary":345000,"employee_age":30,"profile_image":""},{"id":22,"employee_name":"Yuri Berry","employee_salary":675000,"employee_age":40,"profile_image":""},{"id":23,"employee_name":"Caesar Vance","employee_salary":106450,"employee_age":21,"profile_image":""},{"id":24,"employee_name":"Doris Wilder","employee_salary":85600,"employee_age":23,"profile_image":""}],"message":"Successfully! All records has been fetched."}
2021-10-07 20:15:05 INFO  EmployeesRestAPI:44 - ***********  Checking Status Code **********
2021-10-07 20:15:05 INFO  EmployeesRestAPI:47 - Status Code is ==>200
2021-10-07 20:15:05 INFO  EmployeesRestAPI:105 - ***********  Checking Content Encoding**********
2021-10-07 20:15:05 INFO  EmployeesRestAPI:108 - Content Encoding is==>gzip
2021-10-07 20:15:05 INFO  EmployeesRestAPI:94 - ***********  Checking Server Type **********
2021-10-07 20:15:05 INFO  EmployeesRestAPI:97 - Server Type is =>cloudflare
2021-10-07 20:15:05 INFO  EmployeesRestAPI:71 - ***********  Checking Status Line **********
2021-10-07 20:15:05 INFO  EmployeesRestAPI:74 - Status Line is ==>HTTP/1.1 200 OK
2021-10-07 20:15:05 INFO  EmployeesRestAPI:142 - *********  Finished TC001_Get_All_Employees **********
2021-10-07 20:16:18 INFO  EmployeesRestAPI:21 - *********Started TC001_Get_All_Employees **********
2021-10-07 20:16:21 INFO  EmployeesRestAPI:117 - ***********  Checking Content Lenght**********
2021-10-07 20:16:21 INFO  EmployeesRestAPI:120 - Content Length is==>631
2021-10-07 20:16:21 INFO  EmployeesRestAPI:84 - ***********  Checking Content Type **********
2021-10-07 20:16:21 INFO  EmployeesRestAPI:87 - Content type is ==>application/json
2021-10-07 20:16:21 INFO  EmployeesRestAPI:132 - ***********  Checking Cookies **********
2021-10-07 20:16:21 INFO  EmployeesRestAPI:55 - ***********  Checking Response Time **********
2021-10-07 20:16:21 INFO  EmployeesRestAPI:58 - Response Time is ==>1563
2021-10-07 20:16:21 INFO  EmployeesRestAPI:33 - ***********  Checking Respose Body **********
2021-10-07 20:16:21 INFO  EmployeesRestAPI:36 - Response Body==>{"status":"success","data":[{"id":1,"employee_name":"Tiger Nixon","employee_salary":320800,"employee_age":61,"profile_image":""},{"id":2,"employee_name":"Garrett Winters","employee_salary":170750,"employee_age":63,"profile_image":""},{"id":3,"employee_name":"Ashton Cox","employee_salary":86000,"employee_age":66,"profile_image":""},{"id":4,"employee_name":"Cedric Kelly","employee_salary":433060,"employee_age":22,"profile_image":""},{"id":5,"employee_name":"Airi Satou","employee_salary":162700,"employee_age":33,"profile_image":""},{"id":6,"employee_name":"Brielle Williamson","employee_salary":372000,"employee_age":61,"profile_image":""},{"id":7,"employee_name":"Herrod Chandler","employee_salary":137500,"employee_age":59,"profile_image":""},{"id":8,"employee_name":"Rhona Davidson","employee_salary":327900,"employee_age":55,"profile_image":""},{"id":9,"employee_name":"Colleen Hurst","employee_salary":205500,"employee_age":39,"profile_image":""},{"id":10,"employee_name":"Sonya Frost","employee_salary":103600,"employee_age":23,"profile_image":""},{"id":11,"employee_name":"Jena Gaines","employee_salary":90560,"employee_age":30,"profile_image":""},{"id":12,"employee_name":"Quinn Flynn","employee_salary":342000,"employee_age":22,"profile_image":""},{"id":13,"employee_name":"Charde Marshall","employee_salary":470600,"employee_age":36,"profile_image":""},{"id":14,"employee_name":"Haley Kennedy","employee_salary":313500,"employee_age":43,"profile_image":""},{"id":15,"employee_name":"Tatyana Fitzpatrick","employee_salary":385750,"employee_age":19,"profile_image":""},{"id":16,"employee_name":"Michael Silva","employee_salary":198500,"employee_age":66,"profile_image":""},{"id":17,"employee_name":"Paul Byrd","employee_salary":725000,"employee_age":64,"profile_image":""},{"id":18,"employee_name":"Gloria Little","employee_salary":237500,"employee_age":59,"profile_image":""},{"id":19,"employee_name":"Bradley Greer","employee_salary":132000,"employee_age":41,"profile_image":""},{"id":20,"employee_name":"Dai Rios","employee_salary":217500,"employee_age":35,"profile_image":""},{"id":21,"employee_name":"Jenette Caldwell","employee_salary":345000,"employee_age":30,"profile_image":""},{"id":22,"employee_name":"Yuri Berry","employee_salary":675000,"employee_age":40,"profile_image":""},{"id":23,"employee_name":"Caesar Vance","employee_salary":106450,"employee_age":21,"profile_image":""},{"id":24,"employee_name":"Doris Wilder","employee_salary":85600,"employee_age":23,"profile_image":""}],"message":"Successfully! All records has been fetched."}
2021-10-07 20:16:21 INFO  EmployeesRestAPI:44 - ***********  Checking Status Code **********
2021-10-07 20:16:21 INFO  EmployeesRestAPI:47 - Status Code is ==>200
2021-10-07 20:16:21 INFO  EmployeesRestAPI:105 - ***********  Checking Content Encoding**********
2021-10-07 20:16:21 INFO  EmployeesRestAPI:108 - Content Encoding is==>gzip
2021-10-07 20:16:21 INFO  EmployeesRestAPI:94 - ***********  Checking Server Type **********
2021-10-07 20:16:21 INFO  EmployeesRestAPI:97 - Server Type is =>cloudflare
2021-10-07 20:16:21 INFO  EmployeesRestAPI:71 - ***********  Checking Status Line **********
2021-10-07 20:16:21 INFO  EmployeesRestAPI:74 - Status Line is ==>HTTP/1.1 200 OK
2021-10-07 20:16:21 INFO  EmployeesRestAPI:142 - *********  Finished TC001_Get_All_Employees **********
